<?xml version="1.0" encoding="UTF-8"?>
<!-- Generated by org.testng.reporters.JUnitXMLReporter -->
<testsuite hostname="DESKTOP-353358V" ignored="0" name="Test" tests="1" failures="1" timestamp="25 May 2019 18:23:53 GMT" time="34.306" errors="0">
  <testcase name="t1" time="33.215" classname="airlinemainpage.aamain">
    <failure type="java.lang.NullPointerException">
      <![CDATA[java.lang.NullPointerException
at airlinesubpage.iterselect.seldate(iterselect.java:45)
at Testcases.TC01.tc01(TC01.java:21)
at airlinemainpage.aamain.t1(aamain.java:27)
... Removed 29 stack frames]]>
    </failure>
  </testcase> <!-- t1 -->
</testsuite> <!-- Test -->
