-------------------------------------------------------------------------------
Test set: TestSuite
-------------------------------------------------------------------------------
Tests run: 1, Failures: 1, Errors: 0, Skipped: 0, Time elapsed: 34.888 s <<< FAILURE! - in TestSuite
t1(airlinemainpage.aamain)  Time elapsed: 33.245 s  <<< FAILURE!
java.lang.NullPointerException
	at airlinemainpage.aamain.t1(aamain.java:27)

